Removed Pin From Net: NetName=GPIO5 Pin=P1-9
Removed Pin From Net: NetName=GPIO6 Pin=P1-10
Removed Pin From Net: NetName=GPIO7 Pin=P1-11
Removed Pin From Net: NetName=GPIO8 Pin=P1-12
Removed Pin From Net: NetName=GPIO9 Pin=P1-13
Removed Pin From Net: NetName=GND Pin=P2-1
Removed Pin From Net: NetName=GPIO1 Pin=P2-2
Removed Pin From Net: NetName=GND Pin=P2-3
Removed Pin From Net: NetName=GPIO2 Pin=P2-4
Removed Pin From Net: NetName=GND Pin=P2-5
Removed Pin From Net: NetName=GPIO3 Pin=P2-6
Removed Pin From Net: NetName=GND Pin=P2-7
Removed Pin From Net: NetName=GPIO4 Pin=P2-8
Removed Member From Class: ClassName=4501-WB-AV-BMS-REV-A2-ISOSPI Member=P1
Removed Member From Class: ClassName=4501-WB-AV-BMS-REV-A2-ISOSPI Member=P2
Added Component: Designator=P?(DIP10)
Add component (AddParameter): Name = "LatestRevisionDate"; Value = "17-Jul-2002"; VariantName = "[No Variations]"
Add component (AddParameter): Name = "LatestRevisionNote"; Value = "Re-released for DXP Platform."; VariantName = "[No Variations]"
Add component (AddParameter): Name = "Publisher"; Value = "Altium Limited"; VariantName = "[No Variations]"
Added Pin To Net: NetName=GND Pin=P?-1
Added Pin To Net: NetName=GPIO1 Pin=P?-2
Added Pin To Net: NetName=GND Pin=P?-3
Added Pin To Net: NetName=GPIO2 Pin=P?-4
Added Pin To Net: NetName=GND Pin=P?-5
Added Pin To Net: NetName=GPIO3 Pin=P?-6
Added Pin To Net: NetName=GND Pin=P?-7
Added Pin To Net: NetName=GPIO4 Pin=P?-8
Added Pin To Net: NetName=GPIO5 Pin=P?-9
Added Pin To Net: NetName=GPIO6 Pin=P?-10
Added Pin To Net: NetName=GPIO7 Pin=P?-11
Added Pin To Net: NetName=GPIO8 Pin=P?-12
Added Pin To Net: NetName=GPIO9 Pin=P?-13
Added Member To Class: ClassName=4501-WB-AV-BMS-REV-A2-ISOSPI Member=Component P12 3-338168-2
Added Member To Class: ClassName=4501-WB-AV-BMS-REV-A2-ISOSPI Member=Component P? Header 13
