Change Component Comment : Designator=R22 Old Comment=1% New Comment=A129676CT-ND
Change Component Comment : Designator=R24 Old Comment=1% New Comment=A129676CT-ND
Change Component Comment : Designator=R25 Old Comment=1% New Comment=A129676CT-ND
Change Component Comment : Designator=R26 Old Comment=1% New Comment=A129676CT-ND
Change Component Comment : Designator=R27 Old Comment=1% New Comment=A129676CT-ND
Change Component Comment : Designator=C11 Old Comment=Cap Semi New Comment=311-3498-1-ND
Change Component Comment : Designator=C12 Old Comment=Cap Semi New Comment=311-3498-1-ND
Change Component Comment : Designator=C13 Old Comment=Cap Semi New Comment=311-3498-1-ND
Change Component Comment : Designator=C1 Old Comment=Cap Semi New Comment=399-1092-1-ND
Change Component Comment : Designator=C2 Old Comment=Cap Semi New Comment=399-1092-1-ND
Change Component Comment : Designator=C3 Old Comment=Cap Semi New Comment=399-1092-1-ND
Change Component Comment : Designator=C4 Old Comment=Cap Semi New Comment=399-1092-1-ND
Change Component Comment : Designator=C5 Old Comment=Cap Semi New Comment=399-1092-1-ND
Change Component Comment : Designator=C6 Old Comment=Cap Semi New Comment=399-1092-1-ND
Change Component Comment : Designator=C7 Old Comment=Cap Semi New Comment=399-1092-1-ND
Change Component Comment : Designator=C14 Old Comment=Cap Semi New Comment=399-1092-1-ND
Change Component Comment : Designator=C15 Old Comment=Cap Semi New Comment=399-1092-1-ND
Change Component Comment : Designator=C9 Old Comment=Cap Semi New Comment=1276-1090-1-ND
Change Component Comment : Designator=C10 Old Comment=Cap Semi New Comment=1276-1090-1-ND
Change Component Comment : Designator=Q9 Old Comment=DXT5551P5-13 New Comment=DXT5551P5-13CT-ND
Change Component Comment : Designator=P5 Old Comment=Header 2 New Comment=36-5104-ND
Change Component Comment : Designator=P6 Old Comment=Header 2 New Comment=36-5104-ND
Change Component Comment : Designator=P7 Old Comment=Header 2 New Comment=36-5104-ND
Change Component Comment : Designator=P8 Old Comment=Header 2 New Comment=36-5104-ND
Change Component Comment : Designator=P9 Old Comment=Header 2 New Comment=36-5104-ND
Change Component Comment : Designator=P10 Old Comment=Header 2 New Comment=36-5104-ND
Change Component Comment : Designator=P11 Old Comment=Header 2 New Comment=36-5104-ND
Change Component Comment : Designator=P3 Old Comment=Header 2 New Comment=WM4900-ND
Change Component Comment : Designator=P4 Old Comment=Header 2 New Comment=WM4900-ND
Change Component Comment : Designator=XFMR Old Comment=HM2100NLT New Comment=1840-1032-1-ND
Change Component Comment : Designator=D2 Old Comment=LED0 New Comment=160-1435-1-ND
Change Component Comment : Designator=D3 Old Comment=LED0 New Comment=160-1435-1-ND
Change Component Comment : Designator=D4 Old Comment=LED0 New Comment=160-1435-1-ND
Change Component Comment : Designator=D6 Old Comment=LED0 New Comment=160-1435-1-ND
Change Component Comment : Designator=D7 Old Comment=LED0 New Comment=160-1435-1-ND
Change Component Comment : Designator=D8 Old Comment=LED0 New Comment=160-1435-1-ND
Change Component Comment : Designator=D9 Old Comment=LED0 New Comment=160-1435-1-ND
Change Component Comment : Designator=U1 Old Comment=LTC6812HLWE-1 New Comment=LTC6812ILWE-1#3ZZPBF-ND
Change Component Comment : Designator=Q1 Old Comment=MOSFET-P New Comment=BSS308PEH6327XTSA1CT-ND
Change Component Comment : Designator=Q2 Old Comment=MOSFET-P New Comment=BSS308PEH6327XTSA1CT-ND
Change Component Comment : Designator=Q3 Old Comment=MOSFET-P New Comment=BSS308PEH6327XTSA1CT-ND
Change Component Comment : Designator=Q4 Old Comment=MOSFET-P New Comment=BSS308PEH6327XTSA1CT-ND
Change Component Comment : Designator=Q5 Old Comment=MOSFET-P New Comment=BSS308PEH6327XTSA1CT-ND
Change Component Comment : Designator=Q6 Old Comment=MOSFET-P New Comment=BSS308PEH6327XTSA1CT-ND
Change Component Comment : Designator=Q7 Old Comment=MOSFET-P New Comment=BSS308PEH6327XTSA1CT-ND
Change Component Comment : Designator=R32 Old Comment=Res3 New Comment=311-2598-1-ND
Change Component Comment : Designator=R33 Old Comment=Res3 New Comment=311-2598-1-ND
Change Component Comment : Designator=R34 Old Comment=Res3 New Comment=311-2598-1-ND
Change Component Comment : Designator=R35 Old Comment=Res3 New Comment=311-2598-1-ND
Change Component Comment : Designator=R2 Old Comment=Res3 New Comment=A129543CT-ND
Change Component Comment : Designator=R5 Old Comment=Res3 New Comment=A129543CT-ND
Change Component Comment : Designator=R8 Old Comment=Res3 New Comment=A129543CT-ND
Change Component Comment : Designator=R11 Old Comment=Res3 New Comment=A129543CT-ND
Change Component Comment : Designator=R14 Old Comment=Res3 New Comment=A129543CT-ND
Change Component Comment : Designator=R17 Old Comment=Res3 New Comment=A129543CT-ND
Change Component Comment : Designator=R20 Old Comment=Res3 New Comment=A129543CT-ND
Change Component Comment : Designator=R1 Old Comment=Res3 New Comment=A129676CT-ND
Change Component Comment : Designator=R4 Old Comment=Res3 New Comment=A129676CT-ND
Change Component Comment : Designator=R7 Old Comment=Res3 New Comment=A129676CT-ND
Change Component Comment : Designator=R10 Old Comment=Res3 New Comment=A129676CT-ND
Change Component Comment : Designator=R13 Old Comment=Res3 New Comment=A129676CT-ND
Change Component Comment : Designator=R16 Old Comment=Res3 New Comment=A129676CT-ND
Change Component Comment : Designator=R19 Old Comment=Res3 New Comment=A129676CT-ND
Change Component Comment : Designator=R36 Old Comment=Res3 New Comment=A129676CT-ND
Change Component Comment : Designator=R37 Old Comment=Res3 New Comment=A129676CT-ND
Change Component Comment : Designator=R38 Old Comment=Res3 New Comment=A129676CT-ND
Change Component Comment : Designator=R39 Old Comment=Res3 New Comment=A129676CT-ND
Change Component Comment : Designator=R28 Old Comment=Res3 New Comment=A129724CT-ND
Change Component Comment : Designator=R29 Old Comment=Res3 New Comment=A129724CT-ND
Change Component Comment : Designator=R3 Old Comment=Res3 New Comment=A130642CT-ND
Change Component Comment : Designator=R6 Old Comment=Res3 New Comment=A130642CT-ND
Change Component Comment : Designator=R9 Old Comment=Res3 New Comment=A130642CT-ND
Change Component Comment : Designator=R12 Old Comment=Res3 New Comment=A130642CT-ND
Change Component Comment : Designator=R15 Old Comment=Res3 New Comment=A130642CT-ND
Change Component Comment : Designator=R18 Old Comment=Res3 New Comment=A130642CT-ND
Change Component Comment : Designator=R21 Old Comment=Res3 New Comment=A130642CT-ND
Change Component Comment : Designator=R23 Old Comment=Res3 New Comment=RMCF2010JT33R0CT-ND
Change Component Comment : Designator=R40 Old Comment=Res3 New Comment=RMCF2010JT33R0CT-ND
Change Component Comment : Designator=R45 Old Comment=Res3 New Comment=RMCF2010JT33R0CT-ND
Change Component Comment : Designator=R46 Old Comment=Res3 New Comment=RMCF2010JT33R0CT-ND
Change Component Comment : Designator=R48 Old Comment=Res3 New Comment=RMCF2010JT33R0CT-ND
Change Component Comment : Designator=R49 Old Comment=Res3 New Comment=RMCF2010JT33R0CT-ND
Change Component Comment : Designator=R50 Old Comment=Res3 New Comment=RMCF2010JT33R0CT-ND
Change Component Comment : Designator=R51 Old Comment=Res3 New Comment=RMCF2010JT33R0CT-ND
Change Component Comment : Designator=R30 Old Comment=Res3 New Comment=RNCP0603FTD1K00CT-ND
Change Component Comment : Designator=R31 Old Comment=Res3 New Comment=RNCP0603FTD1K00CT-ND
Change Component Comment : Designator=R41 Old Comment=Res3 New Comment=RNCP0603FTD10K0CT-ND
Change Component Comment : Designator=R42 Old Comment=Res3 New Comment=RNCP0603FTD10K0CT-ND
Change Component Comment : Designator=R43 Old Comment=Res3 New Comment=RNCP0603FTD10K0CT-ND
Change Component Comment : Designator=R44 Old Comment=Res3 New Comment=RNCP0603FTD10K0CT-ND
Change Component Comment : Designator=S1 Old Comment=SW-SPDT New Comment=S9337-ND, SAM8981-ND
Change Component Comment : Designator=S2 Old Comment=SW-SPDT New Comment=S9337-ND, SAM8981-ND
Change Component Comment : Designator=S3 Old Comment=SW-SPDT New Comment=S9337-ND, SAM8981-ND
Change Component Comment : Designator=S4 Old Comment=SW-SPDT New Comment=S9337-ND, SAM8981-ND
Change Component Description : Designator=XFMR Old Description=Header, 5-Pin, Dual row New Description=Header, 5-Pin, Dual row
HM2100NLT
Change component parameters: Designator = "P3"; Footprint = "WM4900-ND"; UniqueID = "\GREOYQSB"
Change component parameters. Clean all parameters for all variants
Change component parameters (AddParameter): Name = "LatestRevisionDate"; Value = "17-Jul-2002"; VariantName = "[No Variations]"
Change component parameters (AddParameter): Name = "LatestRevisionNote"; Value = "Re-released for DXP Platform."; VariantName = "[No Variations]"
Change component parameters (AddParameter): Name = "Publisher"; Value = "Altium Limited"; VariantName = "[No Variations]"
Change component parameters (AddParameter): Name = "SPN"; Value = "WM4900-ND"; VariantName = "[No Variations]"
Change component parameters: Designator = "P4"; Footprint = "WM4900-ND"; UniqueID = "\HPWINLSI"
Change component parameters. Clean all parameters for all variants
Change component parameters (AddParameter): Name = "LatestRevisionDate"; Value = "17-Jul-2002"; VariantName = "[No Variations]"
Change component parameters (AddParameter): Name = "LatestRevisionNote"; Value = "Re-released for DXP Platform."; VariantName = "[No Variations]"
Change component parameters (AddParameter): Name = "Publisher"; Value = "Altium Limited"; VariantName = "[No Variations]"
Change component parameters (AddParameter): Name = "SPN"; Value = "WM4900-ND"; VariantName = "[No Variations]"
Change component parameters: Designator = "R41"; Footprint = "J1-0603"; UniqueID = "\PMIDNODI"
Change component parameters. Clean all parameters for all variants
Change component parameters (AddParameter): Name = "LatestRevisionDate"; Value = "29-May-2009"; VariantName = "[No Variations]"
Change component parameters (AddParameter): Name = "LatestRevisionNote"; Value = "IPC-7351 Footprint Added."; VariantName = "[No Variations]"
Change component parameters (AddParameter): Name = "PackageDescription"; Value = "Chip Resistor"; VariantName = "[No Variations]"
Change component parameters (AddParameter): Name = "PackageReference"; Value = "J1-0603"; VariantName = "[No Variations]"
Change component parameters (AddParameter): Name = "Published"; Value = "8-Jun-2000"; VariantName = "[No Variations]"
Change component parameters (AddParameter): Name = "Publisher"; Value = "Altium Limited"; VariantName = "[No Variations]"
Change component parameters (AddParameter): Name = "SPN"; Value = "RNCP0603FTD10K0CT-ND"; VariantName = "[No Variations]"
Change component parameters (AddParameter): Name = "Value"; Value = "10k"; VariantName = "[No Variations]"
Change component parameters: Designator = "R42"; Footprint = "J1-0603"; UniqueID = "\HRHALKPU"
Change component parameters. Clean all parameters for all variants
Change component parameters (AddParameter): Name = "LatestRevisionDate"; Value = "29-May-2009"; VariantName = "[No Variations]"
Change component parameters (AddParameter): Name = "LatestRevisionNote"; Value = "IPC-7351 Footprint Added."; VariantName = "[No Variations]"
Change component parameters (AddParameter): Name = "PackageDescription"; Value = "Chip Resistor"; VariantName = "[No Variations]"
Change component parameters (AddParameter): Name = "PackageReference"; Value = "J1-0603"; VariantName = "[No Variations]"
Change component parameters (AddParameter): Name = "Published"; Value = "8-Jun-2000"; VariantName = "[No Variations]"
Change component parameters (AddParameter): Name = "Publisher"; Value = "Altium Limited"; VariantName = "[No Variations]"
Change component parameters (AddParameter): Name = "SPN"; Value = "RNCP0603FTD10K0CT-ND"; VariantName = "[No Variations]"
Change component parameters (AddParameter): Name = "Value"; Value = "10k"; VariantName = "[No Variations]"
Change component parameters: Designator = "R43"; Footprint = "J1-0603"; UniqueID = "\CMGQGKEP"
Change component parameters. Clean all parameters for all variants
Change component parameters (AddParameter): Name = "LatestRevisionDate"; Value = "29-May-2009"; VariantName = "[No Variations]"
Change component parameters (AddParameter): Name = "LatestRevisionNote"; Value = "IPC-7351 Footprint Added."; VariantName = "[No Variations]"
Change component parameters (AddParameter): Name = "PackageDescription"; Value = "Chip Resistor"; VariantName = "[No Variations]"
Change component parameters (AddParameter): Name = "PackageReference"; Value = "J1-0603"; VariantName = "[No Variations]"
Change component parameters (AddParameter): Name = "Published"; Value = "8-Jun-2000"; VariantName = "[No Variations]"
Change component parameters (AddParameter): Name = "Publisher"; Value = "Altium Limited"; VariantName = "[No Variations]"
Change component parameters (AddParameter): Name = "SPN"; Value = "RNCP0603FTD10K0CT-ND"; VariantName = "[No Variations]"
Change component parameters (AddParameter): Name = "Value"; Value = "10k"; VariantName = "[No Variations]"
Change component parameters: Designator = "R44"; Footprint = "J1-0603"; UniqueID = "\XNYUCPAM"
Change component parameters. Clean all parameters for all variants
Change component parameters (AddParameter): Name = "LatestRevisionDate"; Value = "29-May-2009"; VariantName = "[No Variations]"
Change component parameters (AddParameter): Name = "LatestRevisionNote"; Value = "IPC-7351 Footprint Added."; VariantName = "[No Variations]"
Change component parameters (AddParameter): Name = "PackageDescription"; Value = "Chip Resistor"; VariantName = "[No Variations]"
Change component parameters (AddParameter): Name = "PackageReference"; Value = "J1-0603"; VariantName = "[No Variations]"
Change component parameters (AddParameter): Name = "Published"; Value = "8-Jun-2000"; VariantName = "[No Variations]"
Change component parameters (AddParameter): Name = "Publisher"; Value = "Altium Limited"; VariantName = "[No Variations]"
Change component parameters (AddParameter): Name = "SPN"; Value = "RNCP0603FTD10K0CT-ND"; VariantName = "[No Variations]"
Change component parameters (AddParameter): Name = "Value"; Value = "10k"; VariantName = "[No Variations]"
Change component parameters: Designator = "S5"; Footprint = "*SW_SS312SAH4-R"; UniqueID = "\XLEPCITU"
Change component parameters. Clean all parameters for all variants
Change component parameters (AddParameter): Name = "Availability"; Value = "Unavailable"; VariantName = "[No Variations]"
Change component parameters (AddParameter): Name = "MF"; Value = "NKK Switches"; VariantName = "[No Variations]"
Change component parameters (AddParameter): Name = "MP"; Value = "SS312SAH4-R"; VariantName = "[No Variations]"
Change component parameters (AddParameter): Name = "Package"; Value = "None"; VariantName = "[No Variations]"
Change component parameters (AddParameter): Name = "Price"; Value = "None"; VariantName = "[No Variations]"
Change component parameters (AddParameter): Name = "SnapEDA_Link"; Value = "https://www.snapeda.com/parts/SS312SAH4-R/NKK%20Switches/view-part/?ref=snap"; VariantName = "[No Variations]"
Change component parameters (AddParameter): Name = "SPN"; Value = "?360-2924-1-ND?"; VariantName = "[No Variations]"
Change component parameters (AddParameter): Name = "Value"; Value = ""; VariantName = "[No Variations]"
Change component parameters: Designator = "U1"; Footprint = "LQFP64_LWE_A - duplicate"; UniqueID = "\KXKNBRBU"
Change component parameters. Clean all parameters for all variants
Change component parameters (AddParameter): Name = "Copyright"; Value = "Copyright (C) 2018 Accelerated Designs. All rights reserved"; VariantName = "[No Variations]"
Change component parameters (AddParameter): Name = "RefDes"; Value = "RefDes"; VariantName = "[No Variations]"
Change component parameters (AddParameter): Name = "SPN"; Value = "LTC6812ILWE-1#3ZZPBF-ND"; VariantName = "[No Variations]"
Change component parameters (AddParameter): Name = "Type"; Value = "DEV"; VariantName = "[No Variations]"
Change component parameters (AddParameter): Name = "Value"; Value = "Value"; VariantName = "[No Variations]"
Added Pin To Net: NetName=C7 Pin=R26-2
Added Pin To Net: NetName=C3 Pin=R27-2
Added Pin To Net: NetName=C7 Pin=U1-16
Added Pin To Net: NetName=C7 Pin=U1-18
Added Pin To Net: NetName=C7 Pin=U1-20
Added Pin To Net: NetName=C3 Pin=U1-28
Added Pin To Net: NetName=C3 Pin=U1-30
Change Class Name : Old Net Name=BMS New Net Name=BMS_REV_A1
Change Room Name: Old Name=BMS New Name=BMS_REV_A1
Change Room Scope: Old Scope=InComponentClass('BMS') New Scope=InComponentClass('BMS_REV_A1')
