Removed Pin From Net: NetName=WDT Pin=P2-1
Removed Pin From Net: NetName=Cell6 Pin=P2-2
Removed Pin From Net: NetName=Cell5 Pin=P2-3
Removed Pin From Net: NetName=Cell4 Pin=P2-4
Removed Pin From Net: NetName=Cell3 Pin=P2-5
Removed Pin From Net: NetName=Cell2 Pin=P2-6
Removed Pin From Net: NetName=Cell1 Pin=P2-7
Removed Pin From Net: NetName=GND Pin=P2-8
Removed Pin From Net: NetName=VCC Pin=P2-9
Removed Pin From Net: NetName=VREG Pin=R28-2
Removed Pin From Net: NetName=VREG Pin=R29-2
Removed Pin From Net: NetName=SDI Pin=R36-2
Removed Pin From Net: NetName=SDO Pin=R37-2
Removed Pin From Net: NetName=SCK Pin=R38-1
Removed Pin From Net: NetName=CS Pin=R39-1
Removed Pin From Net: NetName=SCK Pin=S1-2
Removed Pin From Net: NetName=GND Pin=S2-1
Removed Pin From Net: NetName=VREG Pin=S2-3
Removed Pin From Net: NetName=CS Pin=S3-2
Removed Member From Class: ClassName=BMS_REV_A1 Member=R28
Removed Member From Class: ClassName=BMS_REV_A1 Member=R29
Removed Member From Class: ClassName=BMS_REV_A1 Member=R36
Removed Member From Class: ClassName=BMS_REV_A1 Member=R37
Removed Member From Class: ClassName=BMS_REV_A1 Member=R38
Removed Member From Class: ClassName=BMS_REV_A1 Member=R39
Removed Member From Class: ClassName=BMS_REV_A1 Member=S1
Removed Member From Class: ClassName=BMS_REV_A1 Member=S2
Removed Member From Class: ClassName=BMS_REV_A1 Member=S3
Change Component Footprint: Designator=P2 Old Footprint=*5747845-4 New Footprint=CONN_3-338168-2
Change Component Comment : Designator=P2 Old Comment=5747845-4 New Comment=3-338168-2
Change component parameters: Designator = "P2" ("P2"); Footprint = "*5747845-4"; UniqueID = "\DAVUOPIA" ("\DAVUOPIA")
Change component parameters (AddParameter): Name = "LatestRevisionDate"; Value = "17-Jul-2002"; VariantName = "[No Variations]"
Change component parameters (AddParameter): Name = "LatestRevisionNote"; Value = "Re-released for DXP Platform."; VariantName = "[No Variations]"
Change component parameters (AddParameter): Name = "MPN"; Value = "3-338168-2"; VariantName = "[No Variations]"
Change component parameters (AddParameter): Name = "Publisher"; Value = "Altium Limited"; VariantName = "[No Variations]"
Change component parameters (AddParameter): Name = "SPN"; Value = "A105035-ND"; VariantName = "[No Variations]"
Change component parameters (AddParameter): Name = "Supplier 1"; Value = "Digi-Key"; VariantName = "[No Variations]"
Change component parameters (AddParameter): Name = "Supplier Part Number 1"; Value = "A105035-ND"; VariantName = "[No Variations]"
Added Pin To Net: NetName=GND Pin=P2-1
Added Pin To Net: NetName=Cell1 Pin=P2-2
Added Pin To Net: NetName=Cell2 Pin=P2-3
Added Pin To Net: NetName=Cell3 Pin=P2-4
Added Pin To Net: NetName=Cell4 Pin=P2-5
Added Pin To Net: NetName=Cell5 Pin=P2-6
Added Pin To Net: NetName=Cell6 Pin=P2-7
Added Pin To Net: NetName=WDT Pin=P2-8
Added Pin To Net: NetName=SCK Pin=R34-1
Added Pin To Net: NetName=CS Pin=R35-2
Added Pin To Net: NetName=VREG Pin=U1-55
Added Pin To Net: NetName=SCK Pin=XFMR-9
Added Pin To Net: NetName=CS Pin=XFMR-10
Change Class Name : Old Net Name=BMS_REV_A1 New Net Name=4501-WB-AV-BMS-REV-A2-ISOSPI
Added Member To Class: ClassName=4501-WB-AV-BMS-REV-A2-ISOSPI Member=Component Q3 BSS308PEH6327XTSA1CT-ND
Added Member To Class: ClassName=4501-WB-AV-BMS-REV-A2-ISOSPI Member=Component Q4 BSS308PEH6327XTSA1CT-ND
Added Member To Class: ClassName=4501-WB-AV-BMS-REV-A2-ISOSPI Member=Component Q7 BSS308PEH6327XTSA1CT-ND
Change Room Name: Old Name=BMS_REV_A1 New Name=4501-WB-AV-BMS-REV-A2-ISOSPI
Change Room Scope: Old Scope=InComponentClass('BMS_REV_A1') New Scope=InComponentClass('4501-WB-AV-BMS-REV-A2-ISOSPI')
