Removed Pin From Net: NetName=NetBT1_2 Pin=BT2-1
Removed Pin From Net: NetName=NetBT2_2 Pin=BT2-2
Removed Pin From Net: NetName=NetBT2_2 Pin=BT2-2
Removed Pin From Net: NetName=NetBT2_2 Pin=BT2-2
Removed Pin From Net: NetName=NetBT2_2 Pin=BT3-1
Removed Pin From Net: NetName=NetBT3_2 Pin=BT3-2
Removed Pin From Net: NetName=NetBT3_2 Pin=BT3-2
Removed Pin From Net: NetName=NetBT3_2 Pin=BT3-2
Removed Pin From Net: NetName=NetBT3_2 Pin=BT4-1
Removed Pin From Net: NetName=NetBT4_2 Pin=BT4-2
Removed Pin From Net: NetName=NetBT4_2 Pin=BT4-2
Removed Pin From Net: NetName=NetBT4_2 Pin=BT4-2
Removed Pin From Net: NetName=NetBT4_2 Pin=BT5-1
Removed Pin From Net: NetName=NetBT5_2 Pin=BT5-2
Removed Pin From Net: NetName=NetBT5_2 Pin=BT5-2
Removed Pin From Net: NetName=NetBT5_2 Pin=BT5-2
Removed Pin From Net: NetName=NetBT5_2 Pin=BT6-1
Removed Pin From Net: NetName=NetBT6_2 Pin=BT6-2
Removed Pin From Net: NetName=NetBT6_2 Pin=BT6-2
Removed Pin From Net: NetName=NetBT6_2 Pin=BT6-2
Removed Pin From Net: NetName=NetBT6_2 Pin=BT7-1
Removed Pin From Net: NetName=GND Pin=BT7-2
Removed Pin From Net: NetName=GND Pin=BT7-2
Removed Pin From Net: NetName=GND Pin=BT7-2
Removed Member From Class: ClassName=BMS Member=BT2
Removed Member From Class: ClassName=BMS Member=BT3
Removed Member From Class: ClassName=BMS Member=BT4
Removed Member From Class: ClassName=BMS Member=BT5
Removed Member From Class: ClassName=BMS Member=BT6
Removed Member From Class: ClassName=BMS Member=BT7
Change Net Name : Old Net Name=NetBT2_2 New Net Name=NetP1_6
Change Net Name : Old Net Name=NetBT3_2 New Net Name=NetP1_5
Change Net Name : Old Net Name=NetBT4_2 New Net Name=NetP1_4
Change Net Name : Old Net Name=NetBT5_2 New Net Name=NetP1_3
Change Net Name : Old Net Name=NetBT6_2 New Net Name=NetP1_2
Added Member To Class: ClassName=BMS Member=Component BT1 Battery
