Removed Pin From Net: NetName=GND Pin=P1-1
Removed Pin From Net: NetName=NetBT7_1 Pin=P1-2
Removed Pin From Net: NetName=NetBT5_2 Pin=P1-3
Removed Pin From Net: NetName=NetBT5_1 Pin=P1-4
Removed Pin From Net: NetName=NetBT3_2 Pin=P1-5
Removed Pin From Net: NetName=NetBT3_1 Pin=P1-6
Removed Pin From Net: NetName=NetBT1_2 Pin=P1-7
Removed Pin From Net: NetName=VCC Pin=P1-14
Removed Member From Class: ClassName=BMS Member=P1
Added Component: Designator=P?(HDR2X10_CEN)
Add component. Clean all parameters for all variants
Add component (AddParameter): Name = "LatestRevisionDate"; Value = "17-Jul-2002"; VariantName = "[No Variations]"
Add component (AddParameter): Name = "LatestRevisionNote"; Value = "Re-released for DXP Platform."; VariantName = "[No Variations]"
Add component (AddParameter): Name = "Publisher"; Value = "Altium Limited"; VariantName = "[No Variations]"
Added Pin To Net: NetName=GND Pin=P?-1
Added Pin To Net: NetName=NetBT7_1 Pin=P?-2
Added Pin To Net: NetName=NetBT5_2 Pin=P?-3
Added Pin To Net: NetName=NetBT5_1 Pin=P?-4
Added Pin To Net: NetName=NetBT3_2 Pin=P?-5
Added Pin To Net: NetName=NetBT3_1 Pin=P?-6
Added Pin To Net: NetName=NetBT1_2 Pin=P?-7
Added Pin To Net: NetName=GPIO5 Pin=P?-14
Added Pin To Net: NetName=GPIO6 Pin=P?-15
Added Pin To Net: NetName=GPIO7 Pin=P?-16
Added Pin To Net: NetName=GPIO8 Pin=P?-17
Added Pin To Net: NetName=GPIO9 Pin=P?-18
Added Pin To Net: NetName=NetP?_8 Pin=P?-8
Added Pin To Net: NetName=NetP?_8 Pin=R40-1
Added Net: Name=NetP?_8
Added Pin To Net: NetName=NetP?_9 Pin=P?-9
Added Pin To Net: NetName=NetP?_9 Pin=R39-2
Added Net: Name=NetP?_9
Added Pin To Net: NetName=NetP?_10 Pin=P?-10
Added Pin To Net: NetName=NetP?_10 Pin=R38-2
Added Net: Name=NetP?_10
Added Pin To Net: NetName=NetP?_19 Pin=P?-19
Added Pin To Net: NetName=NetP?_19 Pin=R36-1
Added Net: Name=NetP?_19
Added Pin To Net: NetName=NetP?_20 Pin=P?-20
Added Pin To Net: NetName=NetP?_20 Pin=R37-1
Added Net: Name=NetP?_20
Added Member To Class: ClassName=BMS Member=Component P? Header 10X2A
