Change Physical Footprint: Designator=BT1 Old Footprint=PCBComponent_1 New Footprint=PCBComponent_1
Change Physical Footprint: Designator=BT3 Old Footprint=PCBComponent_1 New Footprint=PCBComponent_1
Change Physical Footprint: Designator=BT5 Old Footprint=PCBComponent_1 New Footprint=PCBComponent_1
Change Physical Footprint: Designator=BT7 Old Footprint=PCBComponent_1 New Footprint=PCBComponent_1
Change Physical Footprint: Designator=C1 Old Footprint=C1206 New Footprint=C1206
Change Physical Footprint: Designator=C2 Old Footprint=C1206 New Footprint=C1206
Change Physical Footprint: Designator=C3 Old Footprint=C1206 New Footprint=C1206
Change Physical Footprint: Designator=C4 Old Footprint=C1206 New Footprint=C1206
Change Physical Footprint: Designator=C5 Old Footprint=C1206 New Footprint=C1206
Change Physical Footprint: Designator=C6 Old Footprint=C1206 New Footprint=C1206
Change Physical Footprint: Designator=C7 Old Footprint=C1206 New Footprint=C1206
Change Physical Footprint: Designator=C8 Old Footprint=CAP_2012 New Footprint=CAP_2012
Change Physical Footprint: Designator=C9 Old Footprint=C1206 New Footprint=C1206
Change Physical Footprint: Designator=C10 Old Footprint=C1206 New Footprint=C1206
Change Physical Footprint: Designator=C11 Old Footprint=C1206 New Footprint=C1206
Change Physical Footprint: Designator=C12 Old Footprint=C1206 New Footprint=C1206
Change Physical Footprint: Designator=C13 Old Footprint=C1206 New Footprint=C1206
Change Physical Footprint: Designator=C14 Old Footprint=C1206 New Footprint=C1206
Change Physical Footprint: Designator=C15 Old Footprint=C1206 New Footprint=C1206
Change Physical Footprint: Designator=D1 Old Footprint=DIODE_DO-214AC New Footprint=DIODE_DO-214AC
Change Physical Footprint: Designator=P2 Old Footprint=HDR1X2 New Footprint=HDR1X2
Change Physical Footprint: Designator=P3 Old Footprint=WM4900-ND New Footprint=WM4900-ND
Change Physical Footprint: Designator=P4 Old Footprint=WM4900-ND New Footprint=WM4900-ND
Change Physical Footprint: Designator=P? Old Footprint=HDR2X10_CEN New Footprint=HDR2X10_CEN
Change Physical Footprint: Designator=Q1 Old Footprint=SOT95P245X110-3N New Footprint=SOT95P245X110-3N
Change Physical Footprint: Designator=Q2 Old Footprint=SOT95P245X110-3N New Footprint=SOT95P245X110-3N
Change Physical Footprint: Designator=Q3 Old Footprint=SOT95P245X110-3N New Footprint=SOT95P245X110-3N
Change Physical Footprint: Designator=Q4 Old Footprint=SOT95P245X110-3N New Footprint=SOT95P245X110-3N
Change Physical Footprint: Designator=Q5 Old Footprint=SOT95P245X110-3N New Footprint=SOT95P245X110-3N
Change Physical Footprint: Designator=Q6 Old Footprint=SOT95P245X110-3N New Footprint=SOT95P245X110-3N
Change Physical Footprint: Designator=Q7 Old Footprint=SOT95P245X110-3N New Footprint=SOT95P245X110-3N
Change Physical Footprint: Designator=Q8 Old Footprint=FDMS86101A New Footprint=FDMS86101A
Change Physical Footprint: Designator=Q9 Old Footprint=DXT5551P5-13 New Footprint=DXT5551P5-13
Change Physical Footprint: Designator=R1 Old Footprint=J1-0603 New Footprint=J1-0603
Change Physical Footprint: Designator=R2 Old Footprint=J1-0603 New Footprint=J1-0603
Change Physical Footprint: Designator=R3 Old Footprint=12Z-2010 New Footprint=12Z-2010
Change Physical Footprint: Designator=R4 Old Footprint=J1-0603 New Footprint=J1-0603
Change Physical Footprint: Designator=R5 Old Footprint=J1-0603 New Footprint=J1-0603
Change Physical Footprint: Designator=R6 Old Footprint=12Z-2010 New Footprint=12Z-2010
Change Physical Footprint: Designator=R7 Old Footprint=J1-0603 New Footprint=J1-0603
Change Physical Footprint: Designator=R8 Old Footprint=J1-0603 New Footprint=J1-0603
Change Physical Footprint: Designator=R9 Old Footprint=12Z-2010 New Footprint=12Z-2010
Change Physical Footprint: Designator=R10 Old Footprint=J1-0603 New Footprint=J1-0603
Change Physical Footprint: Designator=R11 Old Footprint=J1-0603 New Footprint=J1-0603
Change Physical Footprint: Designator=R12 Old Footprint=12Z-2010 New Footprint=12Z-2010
Change Physical Footprint: Designator=R13 Old Footprint=J1-0603 New Footprint=J1-0603
Change Physical Footprint: Designator=R14 Old Footprint=J1-0603 New Footprint=J1-0603
Change Physical Footprint: Designator=R15 Old Footprint=12Z-2010 New Footprint=12Z-2010
Change Physical Footprint: Designator=R16 Old Footprint=J1-0603 New Footprint=J1-0603
Change Physical Footprint: Designator=R17 Old Footprint=J1-0603 New Footprint=J1-0603
Change Physical Footprint: Designator=R18 Old Footprint=12Z-2010 New Footprint=12Z-2010
Change Physical Footprint: Designator=R19 Old Footprint=J1-0603 New Footprint=J1-0603
Change Physical Footprint: Designator=R20 Old Footprint=J1-0603 New Footprint=J1-0603
Change Physical Footprint: Designator=R21 Old Footprint=12Z-2010 New Footprint=12Z-2010
Change Physical Footprint: Designator=R22 Old Footprint=J1-0603 New Footprint=J1-0603
Change Physical Footprint: Designator=R23 Old Footprint=STA_RMCF2512 New Footprint=STA_RMCF2512
Change Physical Footprint: Designator=R24 Old Footprint=J1-0603 New Footprint=J1-0603
Change Physical Footprint: Designator=R25 Old Footprint=J1-0603 New Footprint=J1-0603
Change Physical Footprint: Designator=R26 Old Footprint=J1-0603 New Footprint=J1-0603
Change Physical Footprint: Designator=R27 Old Footprint=J1-0603 New Footprint=J1-0603
Change Physical Footprint: Designator=R28 Old Footprint=J1-0603 New Footprint=J1-0603
Change Physical Footprint: Designator=R29 Old Footprint=J1-0603 New Footprint=J1-0603
Change Physical Footprint: Designator=R30 Old Footprint=J1-0603 New Footprint=J1-0603
Change Physical Footprint: Designator=R31 Old Footprint=J1-0603 New Footprint=J1-0603
Change Physical Footprint: Designator=R32 Old Footprint=J1-0603 New Footprint=J1-0603
Change Physical Footprint: Designator=R33 Old Footprint=J1-0603 New Footprint=J1-0603
Change Physical Footprint: Designator=R34 Old Footprint=J1-0603 New Footprint=J1-0603
Change Physical Footprint: Designator=R35 Old Footprint=J1-0603 New Footprint=J1-0603
Change Physical Footprint: Designator=R36 Old Footprint=J1-0603 New Footprint=J1-0603
Change Physical Footprint: Designator=R37 Old Footprint=J1-0603 New Footprint=J1-0603
Change Physical Footprint: Designator=R38 Old Footprint=J1-0603 New Footprint=J1-0603
Change Physical Footprint: Designator=R39 Old Footprint=J1-0603 New Footprint=J1-0603
Change Physical Footprint: Designator=R40 Old Footprint=J1-0603 New Footprint=J1-0603
Change Physical Footprint: Designator=R41 Old Footprint=J1-0603 New Footprint=J1-0603
Change Physical Footprint: Designator=R42 Old Footprint=J1-0603 New Footprint=J1-0603
Change Physical Footprint: Designator=R43 Old Footprint=J1-0603 New Footprint=J1-0603
Change Physical Footprint: Designator=R44 Old Footprint=J1-0603 New Footprint=J1-0603
Change Physical Footprint: Designator=RT1 Old Footprint=6-0805_N New Footprint=6-0805_N
Change Physical Footprint: Designator=RT2 Old Footprint=6-0805_N New Footprint=6-0805_N
Change Physical Footprint: Designator=RT3 Old Footprint=6-0805_N New Footprint=6-0805_N
Change Physical Footprint: Designator=RT4 Old Footprint=6-0805_N New Footprint=6-0805_N
Change Physical Footprint: Designator=S1 Old Footprint=*TSM-103-01-L-SV New Footprint=*TSM-103-01-L-SV
Change Physical Footprint: Designator=S2 Old Footprint=*TSM-103-01-L-SV New Footprint=*TSM-103-01-L-SV
Change Physical Footprint: Designator=S3 Old Footprint=*TSM-103-01-L-SV New Footprint=*TSM-103-01-L-SV
Change Physical Footprint: Designator=S4 Old Footprint=*TSM-103-01-L-SV New Footprint=*TSM-103-01-L-SV
Change Physical Footprint: Designator=U1 Old Footprint=LQFP64_LWE_A New Footprint=LQFP64_LWE_A
Change Physical Footprint: Designator=U2 Old Footprint=MSOP-8_MS New Footprint=MSOP-8_MS
Change Physical Footprint: Designator=XFMR Old Footprint=HM2100NLT New Footprint=HM2100NLT
