Removed Pin From Net: NetName=WDT Pin=R40-2
Removed Member From Class: ClassName=BMS Member=R40
Change Component Designator: OldDesignator=J? NewDesignator=J3
Added Component: Designator=P1(PCBComponent_1)
Add component. Clean all parameters for all variants
Add component (AddParameter): Name = "LatestRevisionDate"; Value = "17-Jul-2002"; VariantName = "[No Variations]"
Add component (AddParameter): Name = "LatestRevisionNote"; Value = "Re-released for DXP Platform."; VariantName = "[No Variations]"
Add component (AddParameter): Name = "Publisher"; Value = "Altium Limited"; VariantName = "[No Variations]"
Added Pin To Net: NetName=WDT Pin=J3-3
Added Pin To Net: NetName=GND Pin=P1-1
Added Pin To Net: NetName=GPIO1 Pin=P1-2
Added Pin To Net: NetName=GND Pin=P1-3
Added Pin To Net: NetName=GPIO2 Pin=P1-4
Added Pin To Net: NetName=GND Pin=P1-5
Added Pin To Net: NetName=GPIO3 Pin=P1-6
Added Pin To Net: NetName=GND Pin=P1-7
Added Pin To Net: NetName=GPIO4 Pin=P1-8
Added Pin To Net: NetName=GPIO5 Pin=P1-9
Added Pin To Net: NetName=GPIO6 Pin=P1-10
Added Pin To Net: NetName=GPIO7 Pin=P1-11
Added Pin To Net: NetName=GPIO8 Pin=P1-12
Added Pin To Net: NetName=GPIO9 Pin=P1-13
Change Net Name : Old Net Name=NetJ?_1 New Net Name=NetJ3_1
Change Net Name : Old Net Name=NetJ?_2 New Net Name=NetJ3_2
Change Net Name : Old Net Name=NetJ?_4 New Net Name=NetJ3_4
Change Net Name : Old Net Name=NetJ?_6 New Net Name=NetJ3_6
Added Member To Class: ClassName=BMS Member=Component P1 Header 13
