Added Component: Designator=D?(DIODE_DO-214AC)
Add component. Clean all parameters for all variants
Add component (AddParameter): Name = "Code_JEDEC"; Value = "DO-214-AB"; VariantName = "[No Variations]"
Add component (AddParameter): Name = "LatestRevisionDate"; Value = "17-Jul-2002"; VariantName = "[No Variations]"
Add component (AddParameter): Name = "LatestRevisionNote"; Value = "Re-released for DXP Platform."; VariantName = "[No Variations]"
Add component (AddParameter): Name = "PackageDescription"; Value = "DO-214-AB/SMC; 2 C-Bend Leads; Body 7.9 x 5.9 mm, inc. leads (LxW)"; VariantName = "[No Variations]"
Add component (AddParameter): Name = "PackageReference"; Value = "SMC"; VariantName = "[No Variations]"
Add component (AddParameter): Name = "PackageVersion"; Value = "Sep-1996"; VariantName = "[No Variations]"
Add component (AddParameter): Name = "Published"; Value = "8-Jun-2000"; VariantName = "[No Variations]"
Add component (AddParameter): Name = "Publisher"; Value = "Altium Limited"; VariantName = "[No Variations]"
Add component (AddParameter): Name = "SPN"; Value = "SMAJ24CA-E3/61GICT-ND"; VariantName = "[No Variations]"
Added Component: Designator=Q?(FDMS86101A)
Add component. Clean all parameters for all variants
Add component (AddParameter): Name = "SPN"; Value = "FDMS86101ACT-ND"; VariantName = "[No Variations]"
Added Component: Designator=U?(MSOP-8_MS)
Add component. Clean all parameters for all variants
Add component (AddParameter): Name = "Built_By"; Value = "EMA_UL_Team"; VariantName = "[No Variations]"
Add component (AddParameter): Name = "Copyright"; Value = "Copyright (C) 2018 Accelerated Designs. All rights reserved"; VariantName = "[No Variations]"
Add component (AddParameter): Name = "Manufacturer_Part_Number"; Value = "LTC4359IMS8#PBF"; VariantName = "[No Variations]"
Add component (AddParameter): Name = "RefDes"; Value = "RefDes"; VariantName = "[No Variations]"
Add component (AddParameter): Name = "Type"; Value = "DEV"; VariantName = "[No Variations]"
Add component (AddParameter): Name = "Value"; Value = "Value"; VariantName = "[No Variations]"
Add component (AddParameter): Name = "Vendor"; Value = "Linear Technology"; VariantName = "[No Variations]"
Added Pin To Net: NetName=NetC?_1 Pin=D?-1
Added Pin To Net: NetName=NetC?_1 Pin=U?-6
Added Net: Name=NetC?_1
Added Pin To Net: NetName=NetC?_2 Pin=Q?-5
Added Pin To Net: NetName=NetC?_2 Pin=Q?-6
Added Pin To Net: NetName=NetC?_2 Pin=Q?-7
Added Pin To Net: NetName=NetC?_2 Pin=Q?-8
Added Pin To Net: NetName=NetC?_2 Pin=Q?-9
Added Pin To Net: NetName=NetC?_2 Pin=U?-8
Added Net: Name=NetC?_2
Added Pin To Net: NetName=NetD?_2 Pin=D?-2
Added Pin To Net: NetName=NetD?_2 Pin=Q?-1
Added Pin To Net: NetName=NetD?_2 Pin=Q?-2
Added Pin To Net: NetName=NetD?_2 Pin=Q?-3
Added Pin To Net: NetName=NetD?_2 Pin=U?-2
Added Pin To Net: NetName=NetD?_2 Pin=U?-4
Added Pin To Net: NetName=NetD?_2 Pin=U?-5
Added Net: Name=NetD?_2
Added Pin To Net: NetName=NetQ?_4 Pin=Q?-4
Added Pin To Net: NetName=NetQ?_4 Pin=U?-1
Added Net: Name=NetQ?_4
Added Class: Name=Redundant Power Supplies
Added Room: Name=Redundant Power Supplies
