Change Component Footprint: Designator=C9 Old Footprint=C1206 New Footprint=6-0805_N
Change Component Footprint: Designator=C10 Old Footprint=C1206 New Footprint=6-0805_N
Change component parameters: Designator = "C9"; Footprint = "6-0805_N"; UniqueID = "\HNAPQMRB"
Change component parameters. Clean all parameters for all variants
Change component parameters (AddParameter): Name = "LatestRevisionDate"; Value = "29-May-2009"; VariantName = "[No Variations]"
Change component parameters (AddParameter): Name = "LatestRevisionNote"; Value = "IPC-7351 Footprint Added."; VariantName = "[No Variations]"
Change component parameters (AddParameter): Name = "PackageDescription"; Value = "Chip Capacitor"; VariantName = "[No Variations]"
Change component parameters (AddParameter): Name = "PackageReference"; Value = "C1206"; VariantName = "[No Variations]"
Change component parameters (AddParameter): Name = "Published"; Value = "8-Jun-2000"; VariantName = "[No Variations]"
Change component parameters (AddParameter): Name = "Publisher"; Value = "Altium Limited"; VariantName = "[No Variations]"
Change component parameters (AddParameter): Name = "SPN"; Value = "1276-1090-1-ND"; VariantName = "[No Variations]"
Change component parameters (AddParameter): Name = "Value"; Value = "100nF"; VariantName = "[No Variations]"
Change component parameters: Designator = "C10"; Footprint = "6-0805_N"; UniqueID = "\CXJUWNJQ"
Change component parameters. Clean all parameters for all variants
Change component parameters (AddParameter): Name = "LatestRevisionDate"; Value = "29-May-2009"; VariantName = "[No Variations]"
Change component parameters (AddParameter): Name = "LatestRevisionNote"; Value = "IPC-7351 Footprint Added."; VariantName = "[No Variations]"
Change component parameters (AddParameter): Name = "PackageDescription"; Value = "Chip Capacitor"; VariantName = "[No Variations]"
Change component parameters (AddParameter): Name = "PackageReference"; Value = "C1206"; VariantName = "[No Variations]"
Change component parameters (AddParameter): Name = "Published"; Value = "8-Jun-2000"; VariantName = "[No Variations]"
Change component parameters (AddParameter): Name = "Publisher"; Value = "Altium Limited"; VariantName = "[No Variations]"
Change component parameters (AddParameter): Name = "SPN"; Value = "1276-1090-1-ND"; VariantName = "[No Variations]"
Change component parameters (AddParameter): Name = "Value"; Value = "100nF"; VariantName = "[No Variations]"
