Change Physical Footprint: Designator=C1 Old Footprint=C1206 New Footprint=C1206
Change Physical Footprint: Designator=C2 Old Footprint=C1206 New Footprint=C1206
Change Physical Footprint: Designator=C3 Old Footprint=C1206 New Footprint=C1206
Change Physical Footprint: Designator=C4 Old Footprint=C1206 New Footprint=C1206
Change Physical Footprint: Designator=C5 Old Footprint=C1206 New Footprint=C1206
Change Physical Footprint: Designator=C6 Old Footprint=C1206 New Footprint=C1206
Change Physical Footprint: Designator=C7 Old Footprint=C1206 New Footprint=C1206
Change Physical Footprint: Designator=P1 Old Footprint=HDR1X8 New Footprint=HDR1X8
Change Physical Footprint: Designator=Q1 Old Footprint=SOT95P245X110-3N New Footprint=SOT95P245X110-3N
Change Physical Footprint: Designator=Q2 Old Footprint=SOT95P245X110-3N New Footprint=SOT95P245X110-3N
Change Physical Footprint: Designator=Q3 Old Footprint=SOT95P245X110-3N New Footprint=SOT95P245X110-3N
Change Physical Footprint: Designator=Q4 Old Footprint=SOT95P245X110-3N New Footprint=SOT95P245X110-3N
Change Physical Footprint: Designator=Q5 Old Footprint=SOT95P245X110-3N New Footprint=SOT95P245X110-3N
Change Physical Footprint: Designator=Q6 Old Footprint=SOT95P245X110-3N New Footprint=SOT95P245X110-3N
Change Physical Footprint: Designator=Q7 Old Footprint=SOT95P245X110-3N New Footprint=SOT95P245X110-3N
Change Physical Footprint: Designator=R1 Old Footprint=J1-0603 New Footprint=J1-0603
Change Physical Footprint: Designator=R2 Old Footprint=J1-0603 New Footprint=J1-0603
Change Physical Footprint: Designator=R3 Old Footprint=J1-0603 New Footprint=J1-0603
Change Physical Footprint: Designator=R4 Old Footprint=J1-0603 New Footprint=J1-0603
Change Physical Footprint: Designator=R5 Old Footprint=J1-0603 New Footprint=J1-0603
Change Physical Footprint: Designator=R6 Old Footprint=J1-0603 New Footprint=J1-0603
Change Physical Footprint: Designator=R7 Old Footprint=J1-0603 New Footprint=J1-0603
Change Physical Footprint: Designator=R8 Old Footprint=J1-0603 New Footprint=J1-0603
Change Physical Footprint: Designator=R9 Old Footprint=J1-0603 New Footprint=J1-0603
Change Physical Footprint: Designator=R10 Old Footprint=J1-0603 New Footprint=J1-0603
Change Physical Footprint: Designator=R11 Old Footprint=J1-0603 New Footprint=J1-0603
Change Physical Footprint: Designator=R12 Old Footprint=J1-0603 New Footprint=J1-0603
Change Physical Footprint: Designator=R13 Old Footprint=J1-0603 New Footprint=J1-0603
Change Physical Footprint: Designator=R14 Old Footprint=J1-0603 New Footprint=J1-0603
Change Physical Footprint: Designator=R15 Old Footprint=J1-0603 New Footprint=J1-0603
Change Physical Footprint: Designator=R16 Old Footprint=J1-0603 New Footprint=J1-0603
Change Physical Footprint: Designator=R17 Old Footprint=J1-0603 New Footprint=J1-0603
Change Physical Footprint: Designator=R18 Old Footprint=J1-0603 New Footprint=J1-0603
Change Physical Footprint: Designator=R19 Old Footprint=J1-0603 New Footprint=J1-0603
Change Physical Footprint: Designator=R20 Old Footprint=J1-0603 New Footprint=J1-0603
Change Physical Footprint: Designator=R21 Old Footprint=J1-0603 New Footprint=J1-0603
Change Physical Footprint: Designator=R22 Old Footprint=J1-0603 New Footprint=J1-0603
Change Physical Footprint: Designator=U1 Old Footprint=*SOP50P780X200-48N New Footprint=*SOP50P780X200-48N
