Removed Pin From Net: NetName=NetLabel75 Pin=C1-1
Removed Pin From Net: NetName=NetLabel74 Pin=C1-2
Removed Pin From Net: NetName=NetLabel75 Pin=C2-2
Removed Pin From Net: NetName=NetLabel75 Pin=C4-1
Removed Pin From Net: NetName=NetLabel74 Pin=C5-1
Removed Pin From Net: NetName=NetLabel75 Pin=C5-2
Removed Pin From Net: NetName=NetLabel75 Pin=C6-1
Removed Pin From Net: NetName=NetLabel74 Pin=C6-2
Removed Pin From Net: NetName=NetLabel75 Pin=C7-2
Removed Pin From Net: NetName=NetLabel74 Pin=R1-2
Removed Pin From Net: NetName=NetLabel75 Pin=R4-2
Removed Pin From Net: NetName=NetLabel75 Pin=R13-2
Removed Pin From Net: NetName=NetLabel74 Pin=R16-2
Removed Pin From Net: NetName=NetLabel75 Pin=R19-2
Change Component Footprint: Designator=Q1 Old Footprint=SOT95P245X110-3N New Footprint=E3
Change Component Footprint: Designator=Q2 Old Footprint=SOT95P245X110-3N New Footprint=E3
Change Component Footprint: Designator=Q3 Old Footprint=SOT95P245X110-3N New Footprint=E3
Change Component Footprint: Designator=Q4 Old Footprint=SOT95P245X110-3N New Footprint=E3
Change Component Footprint: Designator=Q5 Old Footprint=SOT95P245X110-3N New Footprint=E3
Change Component Footprint: Designator=Q6 Old Footprint=SOT95P245X110-3N New Footprint=E3
Change Component Footprint: Designator=Q7 Old Footprint=SOT95P245X110-3N New Footprint=E3
Added Pin To Net: NetName=NetLabel74 Pin=U1-12
Added Pin To Net: NetName=NetLabel75 Pin=U1-18
Added Pin To Net: NetName=GND Pin=U1-26
Change Net Name : Old Net Name=NetLabel74 New Net Name=C7
Change Net Name : Old Net Name=NetLabel75 New Net Name=C4
Added Pin To Net: NetName=C1 Pin=C6-1
Added Pin To Net: NetName=C1 Pin=C7-2
Added Pin To Net: NetName=C1 Pin=R19-2
Added Pin To Net: NetName=C1 Pin=U1-24
Added Net: Name=C1
Added Pin To Net: NetName=C2 Pin=C5-1
Added Pin To Net: NetName=C2 Pin=C6-2
Added Pin To Net: NetName=C2 Pin=R16-2
Added Pin To Net: NetName=C2 Pin=U1-22
Added Net: Name=C2
Added Pin To Net: NetName=C3 Pin=C4-1
Added Pin To Net: NetName=C3 Pin=C5-2
Added Pin To Net: NetName=C3 Pin=R13-2
Added Pin To Net: NetName=C3 Pin=U1-20
Added Net: Name=C3
Added Pin To Net: NetName=C8 Pin=C1-1
Added Pin To Net: NetName=C8 Pin=C2-2
Added Pin To Net: NetName=C8 Pin=R4-2
Added Pin To Net: NetName=C8 Pin=U1-10
Added Net: Name=C8
Added Pin To Net: NetName=C9 Pin=C1-2
Added Pin To Net: NetName=C9 Pin=R1-2
Added Pin To Net: NetName=C9 Pin=U1-8
Added Net: Name=C9
Added Pin To Net: NetName=S1 Pin=R20-2
Added Pin To Net: NetName=S1 Pin=U1-25
Added Net: Name=S1
Added Pin To Net: NetName=S2 Pin=R17-2
Added Pin To Net: NetName=S2 Pin=U1-23
Added Net: Name=S2
Added Pin To Net: NetName=S3 Pin=R14-2
Added Pin To Net: NetName=S3 Pin=U1-21
Added Net: Name=S3
Added Pin To Net: NetName=S4 Pin=R11-2
Added Pin To Net: NetName=S4 Pin=U1-19
Added Net: Name=S4
Added Pin To Net: NetName=S7 Pin=R8-2
Added Pin To Net: NetName=S7 Pin=U1-13
Added Net: Name=S7
Added Pin To Net: NetName=S8 Pin=R5-2
Added Pin To Net: NetName=S8 Pin=U1-11
Added Net: Name=S8
Added Pin To Net: NetName=S9 Pin=R2-2
Added Pin To Net: NetName=S9 Pin=U1-9
Added Net: Name=S9
