Removed Pin From Net: NetName=WDT Pin=J3-3
Removed Pin From Net: NetName=Cell6 Pin=J3-5
Removed Pin From Net: NetName=Cell5 Pin=J3-7
Removed Pin From Net: NetName=GND Pin=J3-8
Removed Pin From Net: NetName=Cell4 Pin=J3-9
Removed Pin From Net: NetName=VCC Pin=J3-10
Removed Pin From Net: NetName=Cell3 Pin=J3-11
Removed Pin From Net: NetName=Cell2 Pin=J3-13
Removed Pin From Net: NetName=Cell1 Pin=J3-15
Removed Member From Class: ClassName=BMS Member=J3
Added Component: Designator=P?(*5747845-4)
Add component. Clean all parameters for all variants
Add component (AddParameter): Name = "LatestRevisionDate"; Value = "17-Jul-2002"; VariantName = "[No Variations]"
Add component (AddParameter): Name = "LatestRevisionNote"; Value = "Re-released for DXP Platform."; VariantName = "[No Variations]"
Add component (AddParameter): Name = "Publisher"; Value = "Altium Limited"; VariantName = "[No Variations]"
Added Pin To Net: NetName=WDT Pin=P?-1
Added Pin To Net: NetName=Cell6 Pin=P?-2
Added Pin To Net: NetName=Cell5 Pin=P?-3
Added Pin To Net: NetName=Cell4 Pin=P?-4
Added Pin To Net: NetName=Cell3 Pin=P?-5
Added Pin To Net: NetName=Cell2 Pin=P?-6
Added Pin To Net: NetName=Cell1 Pin=P?-7
Added Pin To Net: NetName=GND Pin=P?-8
Added Pin To Net: NetName=VCC Pin=P?-9
Added Pin To Net: NetName=NetP?_10 Pin=P?-10
Added Pin To Net: NetName=NetP?_10 Pin=R38-2
Added Net: Name=NetP?_10
Added Pin To Net: NetName=NetP?_11 Pin=P?-11
Added Pin To Net: NetName=NetP?_11 Pin=R39-2
Added Net: Name=NetP?_11
Added Pin To Net: NetName=NetP?_12 Pin=P?-12
Added Pin To Net: NetName=NetP?_12 Pin=R37-1
Added Net: Name=NetP?_12
Added Pin To Net: NetName=NetP?_13 Pin=P?-13
Added Pin To Net: NetName=NetP?_13 Pin=R36-1
Added Net: Name=NetP?_13
Added Member To Class: ClassName=BMS Member=Component P? 5747845-4
