PCAD Importer Log
Project : 5747845-4.LibPkg

Section : C:\Users\Pablo Fernandez\Documents\UBC Rocket\WB\4501-WB_AV_BMS\Libraries\5747845-4\5747845-4.lia
    Section : PCB Library - 5747845-4.PcbLib
        Section : Load Messages
            Warning - 1 : Skipping Token 5747845-4 On Line 167
            Warning - 1 : Skipping Token attachedSymbol On Line 350
        EndSection

        Section : Import Messages
        EndSection
    EndSection

    Section : SCH Library - 5747845-4.SchLib
        Section : Parsing Messages
            Warning - 1 : Skipping Token padStyleDef On Line 9
            Warning - 1 : Skipping Token padStyleDef On Line 21
            Warning - 1 : Skipping Token multiLayer On Line 96
            Warning - 1 : Skipping Token layerContents On Line 115
            Warning - 1 : Skipping Token layerContents On Line 140
        EndSection

        Section : Generating SCH Library - 5747845-4.SchLib
        EndSection
    EndSection
EndSection
